[ 2018-03-06T22:53:08+08:00 ] ::1 /dblog/Public/pics/.png
INFO: [ app_init ] --START--
INFO: Run Behavior\BuildLiteBehavior [ RunTime:0.000045s ]
INFO: [ app_init ] --END-- [ RunTime:0.000698s ]
ERR: Module can't be loaded:Public

[ 2018-03-06T22:53:08+08:00 ] ::1 /dblog/Public/pics/.png
INFO: [ app_init ] --START--
INFO: Run Behavior\BuildLiteBehavior [ RunTime:0.000038s ]
INFO: [ app_init ] --END-- [ RunTime:0.000495s ]
ERR: Module can't be loaded:Public

[ 2018-03-06T22:53:14+08:00 ] ::1 /dblog/Public/pics/.png
INFO: [ app_init ] --START--
INFO: Run Behavior\BuildLiteBehavior [ RunTime:0.000033s ]
INFO: [ app_init ] --END-- [ RunTime:0.000466s ]
ERR: Module can't be loaded:Public

[ 2018-03-06T22:53:15+08:00 ] ::1 /dblog/Public/pics/.png
INFO: [ app_init ] --START--
INFO: Run Behavior\BuildLiteBehavior [ RunTime:0.000034s ]
INFO: [ app_init ] --END-- [ RunTime:0.000452s ]
ERR: Module can't be loaded:Public

[ 2018-03-06T22:54:14+08:00 ] ::1 /dblog/Public/pics/.png
INFO: [ app_init ] --START--
INFO: Run Behavior\BuildLiteBehavior [ RunTime:0.000034s ]
INFO: [ app_init ] --END-- [ RunTime:0.000626s ]
ERR: Module can't be loaded:Public

[ 2018-03-06T22:54:14+08:00 ] ::1 /dblog/Public/pics/.png
INFO: [ app_init ] --START--
INFO: Run Behavior\BuildLiteBehavior [ RunTime:0.000021s ]
INFO: [ app_init ] --END-- [ RunTime:0.000439s ]
ERR: Module can't be loaded:Public

