[ 2018-03-07T09:54:36+08:00 ] ::1 /dblog/index.php?s=/Test/add
INFO: [ app_init ] --START--
INFO: Run Behavior\BuildLiteBehavior [ RunTime:0.000023s ]
INFO: [ app_init ] --END-- [ RunTime:0.000817s ]
ERR: Module can't be loaded:Test

[ 2018-03-07T09:55:14+08:00 ] ::1 /dblog/index.php?s=/Test/add
INFO: [ app_init ] --START--
INFO: Run Behavior\BuildLiteBehavior [ RunTime:0.000031s ]
INFO: [ app_init ] --END-- [ RunTime:0.000572s ]
ERR: Module can't be loaded:Test

[ 2018-03-07T10:14:50+08:00 ] ::1 /dblog/Public/pics/.png
INFO: [ app_init ] --START--
INFO: Run Behavior\BuildLiteBehavior [ RunTime:0.000101s ]
INFO: [ app_init ] --END-- [ RunTime:0.002473s ]
ERR: Module can't be loaded:Public

[ 2018-03-07T10:14:54+08:00 ] ::1 /dblog/Public/pics/.png
INFO: [ app_init ] --START--
INFO: Run Behavior\BuildLiteBehavior [ RunTime:0.000024s ]
INFO: [ app_init ] --END-- [ RunTime:0.000577s ]
ERR: Module can't be loaded:Public

[ 2018-03-07T10:14:54+08:00 ] ::1 /dblog/Public/pics/.png
INFO: [ app_init ] --START--
INFO: Run Behavior\BuildLiteBehavior [ RunTime:0.000032s ]
INFO: [ app_init ] --END-- [ RunTime:0.000510s ]
ERR: Module can't be loaded:Public

[ 2018-03-07T10:15:36+08:00 ] ::1 /dblog/Public/pics/.png
INFO: [ app_init ] --START--
INFO: Run Behavior\BuildLiteBehavior [ RunTime:0.000022s ]
INFO: [ app_init ] --END-- [ RunTime:0.000671s ]
ERR: Module can't be loaded:Public

[ 2018-03-07T10:15:57+08:00 ] ::1 /dblog/Public/pics/.png
INFO: [ app_init ] --START--
INFO: Run Behavior\BuildLiteBehavior [ RunTime:0.000054s ]
INFO: [ app_init ] --END-- [ RunTime:0.001228s ]
ERR: Module can't be loaded:Public

